# JRE version: OpenJDK Runtime Environment (17.0.7) (build 17.0.7+0-b2043.56-10550314)
# Java VM: OpenJDK 64-Bit Server VM (17.0.7+0-b2043.56-10550314, mixed mode, tiered, compressed oops, compressed class ptrs, g1 gc, windows-amd64)
GC Precious Log:
 CPUs: 4 total, 4 available
 Memory: 20127M
 Large Page Support: Disabled
 NUMA Support: Disabled
 Compressed Oops: Enabled (32-bit)
 Heap Region Size: 1M
 Heap Min Capacity: 8M
 Heap Initial Capacity: 316M
 Heap Max Capacity: 2G
 Pre-touch: Disabled
 Parallel Workers: 4
 Concurrent Workers: 1
 Concurrent Refinement Workers: 4
 Periodic GC: Disabled
Heap:
 garbage-first heap   total 455680K, used 157680K [0x0000000080000000, 0x0000000100000000)
  region size 1024K, 7 young (7168K), 7 survivors (7168K)
 Metaspace       used 146052K, committed 148032K, reserved 1179648K
  class space    used 19501K, committed 20480K, reserved 1048576K
GC Heap History (20 events):
Event: 1714.012 GC heap after
{Heap after GC invocations=107 (full 0):
 garbage-first heap   total 455680K, used 152576K [0x0000000080000000, 0x0000000100000000)
  region size 1024K, 3 young (3072K), 3 survivors (3072K)
 Metaspace       used 143379K, committed 144768K, reserved 1179648K
  class space    used 19085K, committed 19712K, reserved 1048576K
}
Event: 1718.427 GC heap before
{Heap before GC invocations=107 (full 0):
 garbage-first heap   total 455680K, used 226304K [0x0000000080000000, 0x0000000100000000)
  region size 1024K, 77 young (78848K), 3 survivors (3072K)
 Metaspace       used 143425K, committed 144832K, reserved 1179648K
  class space    used 19085K, committed 19712K, reserved 1048576K
}
Event: 1718.453 GC heap after
{Heap after GC invocations=108 (full 0):
 garbage-first heap   total 455680K, used 159144K [0x0000000080000000, 0x0000000100000000)
  region size 1024K, 10 young (10240K), 10 survivors (10240K)
 Metaspace       used 143425K, committed 144832K, reserved 1179648K
  class space    used 19085K, committed 19712K, reserved 1048576K
}
Event: 1805.630 GC heap before
{Heap before GC invocations=109 (full 0):
 garbage-first heap   total 455680K, used 375208K [0x0000000080000000, 0x0000000100000000)
  region size 1024K, 203 young (207872K), 10 survivors (10240K)
 Metaspace       used 143590K, committed 144960K, reserved 1179648K
  class space    used 19087K, committed 19712K, reserved 1048576K
}
Event: 1805.679 GC heap after
{Heap after GC invocations=110 (full 0):
 garbage-first heap   total 455680K, used 175477K [0x0000000080000000, 0x0000000100000000)
  region size 1024K, 25 young (25600K), 25 survivors (25600K)
 Metaspace       used 143590K, committed 144960K, reserved 1179648K
  class space    used 19087K, committed 19712K, reserved 1048576K
}
Event: 1805.747 GC heap before
{Heap before GC invocations=110 (full 0):
 garbage-first heap   total 455680K, used 176501K [0x0000000080000000, 0x0000000100000000)
  region size 1024K, 26 young (26624K), 25 survivors (25600K)
 Metaspace       used 143590K, committed 144960K, reserved 1179648K
  class space    used 19087K, committed 19712K, reserved 1048576K
}
Event: 1805.796 GC heap after
{Heap after GC invocations=111 (full 0):
 garbage-first heap   total 455680K, used 164327K [0x0000000080000000, 0x0000000100000000)
  region size 1024K, 2 young (2048K), 2 survivors (2048K)
 Metaspace       used 143590K, committed 144960K, reserved 1179648K
  class space    used 19087K, committed 19712K, reserved 1048576K
}
Event: 1808.307 GC heap before
{Heap before GC invocations=111 (full 0):
 garbage-first heap   total 455680K, used 228839K [0x0000000080000000, 0x0000000100000000)
  region size 1024K, 67 young (68608K), 2 survivors (2048K)
 Metaspace       used 143648K, committed 145024K, reserved 1179648K
  class space    used 19087K, committed 19712K, reserved 1048576K
}
Event: 1808.328 GC heap after
{Heap after GC invocations=112 (full 0):
 garbage-first heap   total 455680K, used 171994K [0x0000000080000000, 0x0000000100000000)
  region size 1024K, 10 young (10240K), 10 survivors (10240K)
 Metaspace       used 143648K, committed 145024K, reserved 1179648K
  class space    used 19087K, committed 19712K, reserved 1048576K
}
Event: 1950.918 GC heap before
{Heap before GC invocations=113 (full 0):
 garbage-first heap   total 455680K, used 364506K [0x0000000080000000, 0x0000000100000000)
  region size 1024K, 185 young (189440K), 10 survivors (10240K)
 Metaspace       used 145805K, committed 147776K, reserved 1179648K
  class space    used 19498K, committed 20416K, reserved 1048576K
}
Event: 1950.967 GC heap after
{Heap after GC invocations=114 (full 0):
 garbage-first heap   total 455680K, used 174959K [0x0000000080000000, 0x0000000100000000)
  region size 1024K, 17 young (17408K), 17 survivors (17408K)
 Metaspace       used 145805K, committed 147776K, reserved 1179648K
  class space    used 19498K, committed 20416K, reserved 1048576K
}
Event: 1951.288 GC heap before
{Heap before GC invocations=114 (full 0):
 garbage-first heap   total 455680K, used 180079K [0x0000000080000000, 0x0000000100000000)
  region size 1024K, 22 young (22528K), 17 survivors (17408K)
 Metaspace       used 145812K, committed 147776K, reserved 1179648K
  class space    used 19498K, committed 20416K, reserved 1048576K
}
Event: 1951.353 GC heap after
{Heap after GC invocations=115 (full 0):
 garbage-first heap   total 455680K, used 150772K [0x0000000080000000, 0x0000000100000000)
  region size 1024K, 2 young (2048K), 2 survivors (2048K)
 Metaspace       used 145812K, committed 147776K, reserved 1179648K
  class space    used 19498K, committed 20416K, reserved 1048576K
}
Event: 1952.849 GC heap before
{Heap before GC invocations=115 (full 0):
 garbage-first heap   total 455680K, used 179444K [0x0000000080000000, 0x0000000100000000)
  region size 1024K, 32 young (32768K), 2 survivors (2048K)
 Metaspace       used 145927K, committed 147968K, reserved 1179648K
  class space    used 19516K, committed 20480K, reserved 1048576K
}
Event: 1952.862 GC heap after
{Heap after GC invocations=116 (full 0):
 garbage-first heap   total 455680K, used 155073K [0x0000000080000000, 0x0000000100000000)
  region size 1024K, 7 young (7168K), 7 survivors (7168K)
 Metaspace       used 145927K, committed 147968K, reserved 1179648K
  class space    used 19516K, committed 20480K, reserved 1048576K
}
Event: 2007.608 GC heap before
{Heap before GC invocations=117 (full 0):
 garbage-first heap   total 455680K, used 374209K [0x0000000080000000, 0x0000000100000000)
  region size 1024K, 207 young (211968K), 7 survivors (7168K)
 Metaspace       used 145964K, committed 147968K, reserved 1179648K
  class space    used 19494K, committed 20480K, reserved 1048576K
}
Event: 2007.679 GC heap after
{Heap after GC invocations=118 (full 0):
 garbage-first heap   total 455680K, used 171941K [0x0000000080000000, 0x0000000100000000)
  region size 1024K, 26 young (26624K), 26 survivors (26624K)
 Metaspace       used 145964K, committed 147968K, reserved 1179648K
  class space    used 19494K, committed 20480K, reserved 1048576K
}
Event: 2007.694 GC heap before
{Heap before GC invocations=118 (full 0):
 garbage-first heap   total 455680K, used 172965K [0x0000000080000000, 0x0000000100000000)
  region size 1024K, 27 young (27648K), 26 survivors (26624K)
 Metaspace       used 145965K, committed 147968K, reserved 1179648K
  class space    used 19494K, committed 20480K, reserved 1048576K
}
Event: 2007.768 GC heap after
{Heap after GC invocations=119 (full 0):
 garbage-first heap   total 455680K, used 152578K [0x0000000080000000, 0x0000000100000000)
  region size 1024K, 2 young (2048K), 2 survivors (2048K)
 Metaspace       used 145965K, committed 147968K, reserved 1179648K
  class space    used 19494K, committed 20480K, reserved 1048576K
}
Event: 2009.945 GC heap before
{Heap before GC invocations=119 (full 0):
 garbage-first heap   total 455680K, used 199682K [0x0000000080000000, 0x0000000100000000)
  region size 1024K, 50 young (51200K), 2 survivors (2048K)
 Metaspace       used 146052K, committed 148032K, reserved 1179648K
  class space    used 19501K, committed 20480K, reserved 1048576K
}

